{"level":"info","time":"2022-06-06T10:34:00.360+0800","line":"/Users/cisco/Desktop/workspace/golang/bridge-relayer/services/watcher.go:147","msg":"CallRequest Vote success","serviceName":"pledge"}
{"level":"info","time":"2022-06-06T10:34:00.392+0800","line":"/Users/cisco/Desktop/workspace/golang/bridge-relayer/services/watcher.go:147","msg":"CallRequest Vote success","serviceName":"pledge"}
{"level":"error","time":"2022-06-06T10:37:24.132+0800","line":"/Users/cisco/Desktop/workspace/golang/bridge-relayer/services/watcher.go:300","msg":"The vote already passed","serviceName":"pledge"}
{"level":"error","time":"2022-06-06T10:37:30.895+0800","line":"/Users/cisco/Desktop/workspace/golang/bridge-relayer/services/watcher.go:300","msg":"The vote already passed","serviceName":"pledge"}
{"level":"error","time":"2022-06-06T10:41:08.764+0800","line":"/Users/cisco/Desktop/workspace/golang/bridge-relayer/services/watcher.go:300","msg":"The vote already passed","serviceName":"pledge"}
{"level":"info","time":"2022-06-06T10:41:09.053+0800","line":"/Users/cisco/Desktop/workspace/golang/bridge-relayer/services/engine.go:117","msg":"remote callType Manualc7df6e901d6b8fcff56ac5f5cd0d3a2001a674e7754070842643e212e7e69cfb","serviceName":"pledge"}
{"level":"error","time":"2022-06-06T10:41:12.315+0800","line":"/Users/cisco/Desktop/workspace/golang/bridge-relayer/services/watcher.go:300","msg":"The vote already passed","serviceName":"pledge"}
{"level":"info","time":"2022-06-06T10:41:12.929+0800","line":"/Users/cisco/Desktop/workspace/golang/bridge-relayer/services/engine.go:117","msg":"remote callType Manualc7df6e901d6b8fcff56ac5f5cd0d3a2001a674e7754070842643e212e7e69cfb","serviceName":"pledge"}
{"level":"error","time":"2022-06-06T10:43:48.043+0800","line":"/Users/cisco/Desktop/workspace/golang/bridge-relayer/services/watcher.go:300","msg":"The vote already passed","serviceName":"pledge"}
{"level":"info","time":"2022-06-06T10:43:48.379+0800","line":"/Users/cisco/Desktop/workspace/golang/bridge-relayer/services/engine.go:117","msg":"remote callType Manualc7df6e901d6b8fcff56ac5f5cd0d3a2001a674e7754070842643e212e7e69cfb","serviceName":"pledge"}
{"level":"error","time":"2022-06-06T10:43:52.281+0800","line":"/Users/cisco/Desktop/workspace/golang/bridge-relayer/services/watcher.go:300","msg":"The vote already passed","serviceName":"pledge"}
{"level":"info","time":"2022-06-06T10:43:52.674+0800","line":"/Users/cisco/Desktop/workspace/golang/bridge-relayer/services/engine.go:117","msg":"remote callType Manualc7df6e901d6b8fcff56ac5f5cd0d3a2001a674e7754070842643e212e7e69cfb","serviceName":"pledge"}
{"level":"info","time":"2022-06-06T10:45:36.778+0800","line":"/Users/cisco/Desktop/workspace/golang/bridge-relayer/services/watcher.go:147","msg":"CallRequest Vote success","serviceName":"pledge"}
{"level":"info","time":"2022-06-06T10:45:37.073+0800","line":"/Users/cisco/Desktop/workspace/golang/bridge-relayer/services/watcher.go:147","msg":"CallRequest Vote success","serviceName":"pledge"}
{"level":"info","time":"2022-06-06T10:46:48.611+0800","line":"/Users/cisco/Desktop/workspace/golang/bridge-relayer/services/engine.go:117","msg":"remote callType Manual5d7d02e86b768d52314e5e3701796d4e25ebf4b3df569ed5914cec308f1116a8","serviceName":"pledge"}
{"level":"info","time":"2022-06-06T10:46:49.829+0800","line":"/Users/cisco/Desktop/workspace/golang/bridge-relayer/services/engine.go:117","msg":"remote callType Manual5d7d02e86b768d52314e5e3701796d4e25ebf4b3df569ed5914cec308f1116a8","serviceName":"pledge"}
{"level":"info","time":"2022-06-06T10:49:59.229+0800","line":"/Users/cisco/Desktop/workspace/golang/bridge-relayer/services/watcher.go:147","msg":"CallRequest Vote success","serviceName":"pledge"}
{"level":"info","time":"2022-06-06T10:49:59.989+0800","line":"/Users/cisco/Desktop/workspace/golang/bridge-relayer/services/watcher.go:147","msg":"CallRequest Vote success","serviceName":"pledge"}
{"level":"info","time":"2022-06-06T10:50:54.679+0800","line":"/Users/cisco/Desktop/workspace/golang/bridge-relayer/services/engine.go:120","msg":"is executefalse","serviceName":"pledge"}
{"level":"info","time":"2022-06-06T10:50:55.588+0800","line":"/Users/cisco/Desktop/workspace/golang/bridge-relayer/services/engine.go:120","msg":"is executefalse","serviceName":"pledge"}
{"level":"info","time":"2022-06-06T10:50:56.409+0800","line":"/Users/cisco/Desktop/workspace/golang/bridge-relayer/services/engine.go:131","msg":"Execute","serviceName":"pledge"}
{"level":"info","time":"2022-06-06T10:50:57.268+0800","line":"/Users/cisco/Desktop/workspace/golang/bridge-relayer/services/engine.go:131","msg":"Execute","serviceName":"pledge"}
{"level":"error","time":"2022-06-06T10:51:23.841+0800","line":"/Users/cisco/Desktop/workspace/golang/bridge-relayer/services/watcher.go:300","msg":"The vote already passed","serviceName":"pledge"}
{"level":"error","time":"2022-06-06T10:51:23.871+0800","line":"/Users/cisco/Desktop/workspace/golang/bridge-relayer/services/watcher.go:300","msg":"The vote already passed","serviceName":"pledge"}
